2018-07-30 12:07:25.471+0000 WARN [o.n.i.p.PageCache] The dbms.memory.pagecache.size setting has not been configured. It is recommended that this setting is always explicitly configured, to ensure the system has a balanced configuration. Until then, a computed heuristic value of 6681001984 bytes will be used instead. Run `neo4j-admin memrec` for memory configuration suggestions.
2018-07-30 12:07:25.861+0000 INFO [o.n.k.i.f.CommunityEditionModule] No locking implementation specified, defaulting to 'community'
2018-07-30 12:07:26.127+0000 INFO [o.n.k.AvailabilityGuard] Requirement makes database unavailable: Database available
2018-07-30 12:07:26.154+0000 INFO [o.n.k.i.DiagnosticsManager] --- INITIALIZED diagnostics START ---
2018-07-30 12:07:26.154+0000 INFO [o.n.k.i.DiagnosticsManager] Neo4j Kernel properties:
2018-07-30 12:07:26.154+0000 INFO [o.n.k.i.DiagnosticsManager] unsupported.dbms.directories.neo4j_home=/Users/anna/Projects/java-analysis/ApiExtractor/graphdb
2018-07-30 12:07:26.154+0000 INFO [o.n.k.i.DiagnosticsManager] unsupported.dbms.edition=community
2018-07-30 12:07:26.155+0000 INFO [o.n.k.i.DiagnosticsManager] unsupported.dbms.ephemeral=false
2018-07-30 12:07:26.155+0000 INFO [o.n.k.i.DiagnosticsManager] Diagnostics providers:
2018-07-30 12:07:26.155+0000 INFO [o.n.k.i.DiagnosticsManager] org.neo4j.kernel.configuration.Config
2018-07-30 12:07:26.155+0000 INFO [o.n.k.i.DiagnosticsManager] org.neo4j.kernel.info.DiagnosticsManager
2018-07-30 12:07:26.155+0000 INFO [o.n.k.i.DiagnosticsManager] SYSTEM_MEMORY
2018-07-30 12:07:26.155+0000 INFO [o.n.k.i.DiagnosticsManager] JAVA_MEMORY
2018-07-30 12:07:26.155+0000 INFO [o.n.k.i.DiagnosticsManager] OPERATING_SYSTEM
2018-07-30 12:07:26.156+0000 INFO [o.n.k.i.DiagnosticsManager] JAVA_VIRTUAL_MACHINE
2018-07-30 12:07:26.156+0000 INFO [o.n.k.i.DiagnosticsManager] CLASSPATH
2018-07-30 12:07:26.156+0000 INFO [o.n.k.i.DiagnosticsManager] LIBRARY_PATH
2018-07-30 12:07:26.156+0000 INFO [o.n.k.i.DiagnosticsManager] SYSTEM_PROPERTIES
2018-07-30 12:07:26.156+0000 INFO [o.n.k.i.DiagnosticsManager] TIMEZONE_DATABASE
2018-07-30 12:07:26.156+0000 INFO [o.n.k.i.DiagnosticsManager] NETWORK
2018-07-30 12:07:26.157+0000 INFO [o.n.k.i.DiagnosticsManager] System memory information:
2018-07-30 12:07:26.160+0000 INFO [o.n.k.i.DiagnosticsManager] Total Physical memory: 16.00 GB
2018-07-30 12:07:26.162+0000 INFO [o.n.k.i.DiagnosticsManager] Free Physical memory: 20.14 MB
2018-07-30 12:07:26.163+0000 INFO [o.n.k.i.DiagnosticsManager] Committed virtual memory: 9.64 GB
2018-07-30 12:07:26.164+0000 INFO [o.n.k.i.DiagnosticsManager] Total swap space: 3.00 GB
2018-07-30 12:07:26.165+0000 INFO [o.n.k.i.DiagnosticsManager] Free swap space: 1.13 GB
2018-07-30 12:07:26.165+0000 INFO [o.n.k.i.DiagnosticsManager] JVM memory information:
2018-07-30 12:07:26.166+0000 INFO [o.n.k.i.DiagnosticsManager] Free  memory: 212.50 MB
2018-07-30 12:07:26.166+0000 INFO [o.n.k.i.DiagnosticsManager] Total memory: 245.50 MB
2018-07-30 12:07:26.167+0000 INFO [o.n.k.i.DiagnosticsManager] Max   memory: 3.56 GB
2018-07-30 12:07:26.172+0000 INFO [o.n.k.i.DiagnosticsManager] Garbage Collector: PS Scavenge: [PS Eden Space, PS Survivor Space]
2018-07-30 12:07:26.172+0000 INFO [o.n.k.i.DiagnosticsManager] Garbage Collector: PS MarkSweep: [PS Eden Space, PS Survivor Space, PS Old Gen]
2018-07-30 12:07:26.175+0000 INFO [o.n.k.i.DiagnosticsManager] Memory Pool: Code Cache (Non-heap memory): committed=6.06 MB, used=6.05 MB, max=240.00 MB, threshold=0.00 B
2018-07-30 12:07:26.175+0000 INFO [o.n.k.i.DiagnosticsManager] Memory Pool: Metaspace (Non-heap memory): committed=20.63 MB, used=19.76 MB, max=-1.00 B, threshold=0.00 B
2018-07-30 12:07:26.176+0000 INFO [o.n.k.i.DiagnosticsManager] Memory Pool: Compressed Class Space (Non-heap memory): committed=2.88 MB, used=2.59 MB, max=1.00 GB, threshold=0.00 B
2018-07-30 12:07:26.176+0000 INFO [o.n.k.i.DiagnosticsManager] Memory Pool: PS Eden Space (Heap memory): committed=64.00 MB, used=21.48 MB, max=1.31 GB, threshold=?
2018-07-30 12:07:26.176+0000 INFO [o.n.k.i.DiagnosticsManager] Memory Pool: PS Survivor Space (Heap memory): committed=10.50 MB, used=10.47 MB, max=10.50 MB, threshold=?
2018-07-30 12:07:26.177+0000 INFO [o.n.k.i.DiagnosticsManager] Memory Pool: PS Old Gen (Heap memory): committed=171.00 MB, used=1.05 MB, max=2.67 GB, threshold=0.00 B
2018-07-30 12:07:26.177+0000 INFO [o.n.k.i.DiagnosticsManager] Operating system information:
2018-07-30 12:07:26.178+0000 INFO [o.n.k.i.DiagnosticsManager] Operating System: Mac OS X; version: 10.13.3; arch: x86_64; cpus: 4
2018-07-30 12:07:26.179+0000 INFO [o.n.k.i.DiagnosticsManager] Max number of file descriptors: 10240
2018-07-30 12:07:26.180+0000 INFO [o.n.k.i.DiagnosticsManager] Number of open file descriptors: 178
2018-07-30 12:07:26.180+0000 INFO [o.n.k.i.DiagnosticsManager] Process id: 9919@Annas-MacBook-Pro-7.local
2018-07-30 12:07:26.181+0000 INFO [o.n.k.i.DiagnosticsManager] Byte order: LITTLE_ENDIAN
2018-07-30 12:07:26.181+0000 INFO [o.n.k.i.DiagnosticsManager] Local timezone: Europe/Oslo
2018-07-30 12:07:26.181+0000 INFO [o.n.k.i.DiagnosticsManager] JVM information:
2018-07-30 12:07:26.181+0000 INFO [o.n.k.i.DiagnosticsManager] VM Name: Java HotSpot(TM) 64-Bit Server VM
2018-07-30 12:07:26.181+0000 INFO [o.n.k.i.DiagnosticsManager] VM Vendor: Oracle Corporation
2018-07-30 12:07:26.181+0000 INFO [o.n.k.i.DiagnosticsManager] VM Version: 25.144-b01
2018-07-30 12:07:26.182+0000 INFO [o.n.k.i.DiagnosticsManager] JIT compiler: HotSpot 64-Bit Tiered Compilers
2018-07-30 12:07:26.183+0000 INFO [o.n.k.i.DiagnosticsManager] VM Arguments: [-Dfile.encoding=UTF-8]
2018-07-30 12:07:26.183+0000 INFO [o.n.k.i.DiagnosticsManager] Java classpath:
2018-07-30 12:07:26.185+0000 INFO [o.n.k.i.DiagnosticsManager]  [classpath + loader.0] file:/Users/anna/.m2/repository/commons-cli/commons-cli/1.4/commons-cli-1.4.jar
2018-07-30 12:07:26.185+0000 INFO [o.n.k.i.DiagnosticsManager]  [classpath + loader.0] file:/Users/anna/.m2/repository/com/github/ben-manes/caffeine/caffeine/2.3.3/caffeine-2.3.3.jar
2018-07-30 12:07:26.185+0000 INFO [o.n.k.i.DiagnosticsManager]  [loader.1] file:/Library/Java/JavaVirtualMachines/jdk1.8.0_144.jdk/Contents/Home/jre/lib/ext/nashorn.jar
2018-07-30 12:07:26.185+0000 INFO [o.n.k.i.DiagnosticsManager]  [classpath + loader.0] file:/Users/anna/.m2/repository/org/neo4j/neo4j-spatial-index/3.4.0/neo4j-spatial-index-3.4.0.jar
2018-07-30 12:07:26.185+0000 INFO [o.n.k.i.DiagnosticsManager]  [classpath + loader.0] file:/Users/anna/.m2/repository/com/fasterxml/jackson/core/jackson-databind/2.9.0/jackson-databind-2.9.0.jar
2018-07-30 12:07:26.185+0000 INFO [o.n.k.i.DiagnosticsManager]  [classpath + loader.0] file:/Users/anna/.m2/repository/org/neo4j/neo4j-cypher-planner-3.4/3.4.0/neo4j-cypher-planner-3.4-3.4.0.jar
2018-07-30 12:07:26.185+0000 INFO [o.n.k.i.DiagnosticsManager]  [classpath + loader.0] file:/Users/anna/.m2/repository/org/slf4j/jcl-over-slf4j/1.7.25/jcl-over-slf4j-1.7.25.jar
2018-07-30 12:07:26.185+0000 INFO [o.n.k.i.DiagnosticsManager]  [classpath + loader.0] file:/Users/anna/.m2/repository/org/neo4j/neo4j-udc/3.4.0/neo4j-udc-3.4.0.jar
2018-07-30 12:07:26.185+0000 INFO [o.n.k.i.DiagnosticsManager]  [classpath + loader.0] file:/Users/anna/.m2/repository/commons-io/commons-io/2.2/commons-io-2.2.jar
2018-07-30 12:07:26.185+0000 INFO [o.n.k.i.DiagnosticsManager]  [classpath + loader.0] file:/Users/anna/.m2/repository/org/apache/httpcomponents/httpcore/4.4.4/httpcore-4.4.4.jar
2018-07-30 12:07:26.186+0000 INFO [o.n.k.i.DiagnosticsManager]  [classpath + loader.0] file:/Users/anna/.m2/repository/org/ow2/asm/asm-commons/6.0/asm-commons-6.0.jar
2018-07-30 12:07:26.186+0000 INFO [o.n.k.i.DiagnosticsManager]  [classpath + loader.0] file:/Users/anna/.m2/repository/org/neo4j/neo4j-configuration/3.4.0/neo4j-configuration-3.4.0.jar
2018-07-30 12:07:26.186+0000 INFO [o.n.k.i.DiagnosticsManager]  [classpath + loader.0] file:/Users/anna/.m2/repository/org/apache/lucene/lucene-queryparser/5.5.5/lucene-queryparser-5.5.5.jar
2018-07-30 12:07:26.186+0000 INFO [o.n.k.i.DiagnosticsManager]  [classpath + loader.0] file:/Users/anna/.m2/repository/org/neo4j/neo4j-lucene-upgrade/3.4.0/neo4j-lucene-upgrade-3.4.0.jar
2018-07-30 12:07:26.186+0000 INFO [o.n.k.i.DiagnosticsManager]  [classpath + loader.0] file:/Users/anna/.m2/repository/org/bouncycastle/bcprov-jdk15on/1.59/bcprov-jdk15on-1.59.jar
2018-07-30 12:07:26.186+0000 INFO [o.n.k.i.DiagnosticsManager]  [loader.1] file:/Library/Java/JavaVirtualMachines/jdk1.8.0_144.jdk/Contents/Home/jre/lib/ext/sunec.jar
2018-07-30 12:07:26.186+0000 INFO [o.n.k.i.DiagnosticsManager]  [classpath + loader.0] file:/Users/anna/.m2/repository/org/neo4j/neo4j-primitive-collections/3.4.0/neo4j-primitive-collections-3.4.0.jar
2018-07-30 12:07:26.186+0000 INFO [o.n.k.i.DiagnosticsManager]  [classpath + loader.0] file:/Users/anna/.m2/repository/org/slf4j/slf4j-simple/1.7.25/slf4j-simple-1.7.25.jar
2018-07-30 12:07:26.186+0000 INFO [o.n.k.i.DiagnosticsManager]  [loader.1] file:/Library/Java/JavaVirtualMachines/jdk1.8.0_144.jdk/Contents/Home/jre/lib/ext/zipfs.jar
2018-07-30 12:07:26.186+0000 INFO [o.n.k.i.DiagnosticsManager]  [classpath + loader.0] file:/Users/anna/.m2/repository/org/apache/commons/commons-text/1.3/commons-text-1.3.jar
2018-07-30 12:07:26.186+0000 INFO [o.n.k.i.DiagnosticsManager]  [classpath + loader.0] file:/Users/anna/.m2/repository/org/neo4j/neo4j-kernel-api/3.4.0/neo4j-kernel-api-3.4.0.jar
2018-07-30 12:07:26.186+0000 INFO [o.n.k.i.DiagnosticsManager]  [classpath + loader.0] file:/Users/anna/.m2/repository/org/neo4j/neo4j-common/3.4.0/neo4j-common-3.4.0.jar
2018-07-30 12:07:26.186+0000 INFO [o.n.k.i.DiagnosticsManager]  [classpath + loader.0] file:/Users/anna/.m2/repository/org/apache/jena/jena-arq/3.5.0/jena-arq-3.5.0.jar
2018-07-30 12:07:26.186+0000 INFO [o.n.k.i.DiagnosticsManager]  [classpath + loader.0] file:/Users/anna/.m2/repository/com/profesorfalken/jPowerShell/1.9/jPowerShell-1.9.jar
2018-07-30 12:07:26.187+0000 INFO [o.n.k.i.DiagnosticsManager]  [classpath + loader.0] file:/Users/anna/.m2/repository/org/apache/lucene/lucene-codecs/5.5.5/lucene-codecs-5.5.5.jar
2018-07-30 12:07:26.187+0000 INFO [o.n.k.i.DiagnosticsManager]  [classpath + loader.0] file:/Users/anna/.m2/repository/org/neo4j/neo4j-procedure-api/3.4.0/neo4j-procedure-api-3.4.0.jar
2018-07-30 12:07:26.187+0000 INFO [o.n.k.i.DiagnosticsManager]  [classpath + loader.0] file:/Users/anna/.m2/repository/org/neo4j/neo4j/3.4.0/neo4j-3.4.0.jar
2018-07-30 12:07:26.187+0000 INFO [o.n.k.i.DiagnosticsManager]  [classpath + loader.0] file:/Users/anna/.m2/repository/org/eclipse/jetty/jetty-security/9.4.5.v20170502/jetty-security-9.4.5.v20170502.jar
2018-07-30 12:07:26.187+0000 INFO [o.n.k.i.DiagnosticsManager]  [classpath + loader.0] file:/Users/anna/.m2/repository/org/neo4j/neo4j-io/3.4.0/neo4j-io-3.4.0.jar
2018-07-30 12:07:26.187+0000 INFO [o.n.k.i.DiagnosticsManager]  [classpath + loader.0] file:/Users/anna/.m2/repository/org/neo4j/neo4j-lucene-index/3.4.0/neo4j-lucene-index-3.4.0.jar
2018-07-30 12:07:26.187+0000 INFO [o.n.k.i.DiagnosticsManager]  [classpath + loader.0] file:/Users/anna/.m2/repository/com/googlecode/concurrentlinkedhashmap/concurrentlinkedhashmap-lru/1.4.2/concurrentlinkedhashmap-lru-1.4.2.jar
2018-07-30 12:07:26.187+0000 INFO [o.n.k.i.DiagnosticsManager]  [classpath + loader.0] file:/Users/anna/.m2/repository/org/neo4j/neo4j-dbms/3.4.0/neo4j-dbms-3.4.0.jar
2018-07-30 12:07:26.187+0000 INFO [o.n.k.i.DiagnosticsManager]  [classpath + loader.0] file:/Users/anna/.m2/repository/org/apache/lucene/lucene-backward-codecs/5.5.0/lucene-backward-codecs-5.5.0.jar
2018-07-30 12:07:26.187+0000 INFO [o.n.k.i.DiagnosticsManager]  [classpath + loader.0] file:/Users/anna/.m2/repository/org/neo4j/neo4j-cypher-frontend-2.3/2.3.12/neo4j-cypher-frontend-2.3-2.3.12.jar
2018-07-30 12:07:26.187+0000 INFO [o.n.k.i.DiagnosticsManager]  [classpath + loader.0] file:/Users/anna/.m2/repository/org/neo4j/neo4j-cypher-compiler-3.1/3.1.8/neo4j-cypher-compiler-3.1-3.1.8.jar
2018-07-30 12:07:26.187+0000 INFO [o.n.k.i.DiagnosticsManager]  [classpath + loader.0] file:/Users/anna/.m2/repository/org/neo4j/neo4j-cypher/3.4.0/neo4j-cypher-3.4.0.jar
2018-07-30 12:07:26.187+0000 INFO [o.n.k.i.DiagnosticsManager]  [classpath + loader.0] file:/Users/anna/.m2/repository/org/neo4j/neo4j-import-tool/3.4.0/neo4j-import-tool-3.4.0.jar
2018-07-30 12:07:26.187+0000 INFO [o.n.k.i.DiagnosticsManager]  [classpath + loader.0] file:/Users/anna/.m2/repository/org/neo4j/neo4j-logging/3.4.0/neo4j-logging-3.4.0.jar
2018-07-30 12:07:26.187+0000 INFO [o.n.k.i.DiagnosticsManager]  [classpath + loader.0] file:/Users/anna/.m2/repository/com/googlecode/javaewah/JavaEWAH/1.1.6/JavaEWAH-1.1.6.jar
2018-07-30 12:07:26.187+0000 INFO [o.n.k.i.DiagnosticsManager]  [classpath + loader.0] file:/Users/anna/.m2/repository/org/apache/commons/commons-lang3/3.5/commons-lang3-3.5.jar
2018-07-30 12:07:26.187+0000 INFO [o.n.k.i.DiagnosticsManager]  [classpath + loader.0] file:/Users/anna/.m2/repository/org/neo4j/neo4j-index/3.4.0/neo4j-index-3.4.0.jar
2018-07-30 12:07:26.188+0000 INFO [o.n.k.i.DiagnosticsManager]  [classpath + loader.0] file:/Users/anna/.m2/repository/org/apache/jena/jena-iri/3.5.0/jena-iri-3.5.0.jar
2018-07-30 12:07:26.188+0000 INFO [o.n.k.i.DiagnosticsManager]  [classpath + loader.0] file:/Users/anna/.m2/repository/xml-apis/xml-apis/1.4.01/xml-apis-1.4.01.jar
2018-07-30 12:07:26.188+0000 INFO [o.n.k.i.DiagnosticsManager]  [classpath + loader.0] file:/Users/anna/.m2/repository/org/neo4j/neo4j-unsafe/3.4.0/neo4j-unsafe-3.4.0.jar
2018-07-30 12:07:26.188+0000 INFO [o.n.k.i.DiagnosticsManager]  [classpath + loader.0] file:/Users/anna/.m2/repository/org/neo4j/neo4j-cypher-compiler-3.3/3.3.5/neo4j-cypher-compiler-3.3-3.3.5.jar
2018-07-30 12:07:26.188+0000 INFO [o.n.k.i.DiagnosticsManager]  [classpath + loader.0] file:/Users/anna/.m2/repository/xerces/xercesImpl/2.11.0/xercesImpl-2.11.0.jar
2018-07-30 12:07:26.188+0000 INFO [o.n.k.i.DiagnosticsManager]  [classpath + loader.0] file:/Users/anna/.m2/repository/com/github/jsonld-java/jsonld-java/0.11.1/jsonld-java-0.11.1.jar
2018-07-30 12:07:26.188+0000 INFO [o.n.k.i.DiagnosticsManager]  [classpath + loader.0] file:/Users/anna/.m2/repository/org/apache/jena/jena-tdb/3.5.0/jena-tdb-3.5.0.jar
2018-07-30 12:07:26.188+0000 INFO [o.n.k.i.DiagnosticsManager]  [classpath + loader.0] file:/Users/anna/.m2/repository/javax/servlet/javax.servlet-api/3.1.0/javax.servlet-api-3.1.0.jar
2018-07-30 12:07:26.188+0000 INFO [o.n.k.i.DiagnosticsManager]  [classpath + loader.0] file:/Users/anna/.m2/repository/org/apache/thrift/libthrift/0.9.3/libthrift-0.9.3.jar
2018-07-30 12:07:26.188+0000 INFO [o.n.k.i.DiagnosticsManager]  [classpath + loader.0] file:/Users/anna/.m2/repository/org/apache/lucene/lucene-core/5.5.5/lucene-core-5.5.5.jar
2018-07-30 12:07:26.188+0000 INFO [o.n.k.i.DiagnosticsManager]  [classpath + loader.0] file:/Users/anna/.m2/repository/commons-codec/commons-codec/1.9/commons-codec-1.9.jar
2018-07-30 12:07:26.188+0000 INFO [o.n.k.i.DiagnosticsManager]  [classpath + loader.0] file:/Users/anna/.m2/repository/org/eclipse/jetty/jetty-servlets/9.4.5.v20170502/jetty-servlets-9.4.5.v20170502.jar
2018-07-30 12:07:26.188+0000 INFO [o.n.k.i.DiagnosticsManager]  [loader.1] file:/Library/Java/JavaVirtualMachines/jdk1.8.0_144.jdk/Contents/Home/jre/lib/ext/dnsns.jar
2018-07-30 12:07:26.188+0000 INFO [o.n.k.i.DiagnosticsManager]  [classpath + loader.0] file:/Users/anna/.m2/repository/org/eclipse/jetty/jetty-http/9.4.5.v20170502/jetty-http-9.4.5.v20170502.jar
2018-07-30 12:07:26.188+0000 INFO [o.n.k.i.DiagnosticsManager]  [bootstrap + classpath + loader.0] file:/Library/Java/JavaVirtualMachines/jdk1.8.0_144.jdk/Contents/Home/jre/lib/charsets.jar
2018-07-30 12:07:26.188+0000 INFO [o.n.k.i.DiagnosticsManager]  [classpath + loader.0] file:/Users/anna/.m2/repository/org/neo4j/neo4j-cypher-frontend-3.3/3.3.5/neo4j-cypher-frontend-3.3-3.3.5.jar
2018-07-30 12:07:26.188+0000 INFO [o.n.k.i.DiagnosticsManager]  [bootstrap + classpath + loader.0] file:/Library/Java/JavaVirtualMachines/jdk1.8.0_144.jdk/Contents/Home/jre/lib/jsse.jar
2018-07-30 12:07:26.188+0000 INFO [o.n.k.i.DiagnosticsManager]  [classpath + loader.0] file:/Users/anna/.m2/repository/org/eclipse/jetty/jetty-webapp/9.4.5.v20170502/jetty-webapp-9.4.5.v20170502.jar
2018-07-30 12:07:26.189+0000 INFO [o.n.k.i.DiagnosticsManager]  [classpath + loader.0] file:/Users/anna/.m2/repository/org/ow2/asm/asm-analysis/6.0/asm-analysis-6.0.jar
2018-07-30 12:07:26.189+0000 INFO [o.n.k.i.DiagnosticsManager]  [classpath + loader.0] file:/Users/anna/.m2/repository/org/scala-lang/scala-reflect/2.11.12/scala-reflect-2.11.12.jar
2018-07-30 12:07:26.189+0000 INFO [o.n.k.i.DiagnosticsManager]  [classpath + loader.0] file:/Users/anna/.m2/repository/org/neo4j/neo4j-cypher-frontend-3.1/3.1.8/neo4j-cypher-frontend-3.1-3.1.8.jar
2018-07-30 12:07:26.189+0000 INFO [o.n.k.i.DiagnosticsManager]  [loader.1] file:/Library/Java/JavaVirtualMachines/jdk1.8.0_144.jdk/Contents/Home/jre/lib/ext/localedata.jar
2018-07-30 12:07:26.189+0000 INFO [o.n.k.i.DiagnosticsManager]  [classpath + loader.0] file:/Users/anna/.m2/repository/com/jcraft/jsch/0.1.54/jsch-0.1.54.jar
2018-07-30 12:07:26.189+0000 INFO [o.n.k.i.DiagnosticsManager]  [classpath + loader.0] file:/Users/anna/.m2/repository/org/eclipse/jetty/jetty-continuation/9.4.5.v20170502/jetty-continuation-9.4.5.v20170502.jar
2018-07-30 12:07:26.189+0000 INFO [o.n.k.i.DiagnosticsManager]  [classpath + loader.0] file:/Users/anna/.m2/repository/io/netty/netty-all/4.1.24.Final/netty-all-4.1.24.Final.jar
2018-07-30 12:07:26.189+0000 INFO [o.n.k.i.DiagnosticsManager]  [classpath + loader.0] file:/Users/anna/.m2/repository/org/jprocesses/jProcesses/1.6.4/jProcesses-1.6.4.jar
2018-07-30 12:07:26.189+0000 INFO [o.n.k.i.DiagnosticsManager]  [classpath + loader.0] file:/Users/anna/.m2/repository/org/neo4j/neo4j-cypher-ir-3.4/3.4.0/neo4j-cypher-ir-3.4-3.4.0.jar
2018-07-30 12:07:26.189+0000 INFO [o.n.k.i.DiagnosticsManager]  [classpath + loader.0] file:/Users/anna/.m2/repository/org/neo4j/neo4j-graph-algo/3.4.0/neo4j-graph-algo-3.4.0.jar
2018-07-30 12:07:26.189+0000 INFO [o.n.k.i.DiagnosticsManager]  [classpath + loader.0] file:/Users/anna/Projects/java-analysis/ApiExtractor/target/classes/
2018-07-30 12:07:26.189+0000 INFO [o.n.k.i.DiagnosticsManager]  [classpath + loader.0] file:/Users/anna/.m2/repository/com/github/andrewoma/dexx/collection/0.7/collection-0.7.jar
2018-07-30 12:07:26.189+0000 INFO [o.n.k.i.DiagnosticsManager]  [loader.1] file:/usr/local/Cellar/subversion/1.9.7_1/lib/libsvnjavahl-1.0.dylib
2018-07-30 12:07:26.189+0000 INFO [o.n.k.i.DiagnosticsManager]  [classpath + loader.0] file:/Users/anna/.m2/repository/org/codehaus/plexus/plexus-utils/3.1.0/plexus-utils-3.1.0.jar
2018-07-30 12:07:26.189+0000 INFO [o.n.k.i.DiagnosticsManager]  [classpath + loader.0] file:/Users/anna/.m2/repository/net/sf/opencsv/opencsv/2.3/opencsv-2.3.jar
2018-07-30 12:07:26.189+0000 INFO [o.n.k.i.DiagnosticsManager]  [loader.1] file:/Library/Java/JavaVirtualMachines/jdk1.8.0_144.jdk/Contents/Home/jre/lib/ext/sunpkcs11.jar
2018-07-30 12:07:26.190+0000 INFO [o.n.k.i.DiagnosticsManager]  [classpath + loader.0] file:/Users/anna/.m2/repository/org/neo4j/neo4j-cypher-util-3.4/3.4.0/neo4j-cypher-util-3.4-3.4.0.jar
2018-07-30 12:07:26.190+0000 INFO [o.n.k.i.DiagnosticsManager]  [classpath + loader.0] file:/Users/anna/.m2/repository/org/neo4j/openCypher-frontend-1/3.4.0/openCypher-frontend-1-3.4.0.jar
2018-07-30 12:07:26.190+0000 INFO [o.n.k.i.DiagnosticsManager]  [loader.1] file:/Library/Java/JavaVirtualMachines/jdk1.8.0_144.jdk/Contents/Home/jre/lib/ext/sunjce_provider.jar
2018-07-30 12:07:26.190+0000 INFO [o.n.k.i.DiagnosticsManager]  [classpath + loader.0] file:/Users/anna/.m2/repository/org/apache/jena/jena-dboe-base/3.5.0/jena-dboe-base-3.5.0.jar
2018-07-30 12:07:26.190+0000 INFO [o.n.k.i.DiagnosticsManager]  [classpath + loader.0] file:/Users/anna/.m2/repository/org/neo4j/neo4j-cypher-expression-3.4/3.4.0/neo4j-cypher-expression-3.4-3.4.0.jar
2018-07-30 12:07:26.190+0000 INFO [o.n.k.i.DiagnosticsManager]  [loader.1] file:/Library/Java/JavaVirtualMachines/jdk1.8.0_144.jdk/Contents/Home/jre/lib/ext/jaccess.jar
2018-07-30 12:07:26.190+0000 INFO [o.n.k.i.DiagnosticsManager]  [classpath + loader.0] file:/Users/anna/.m2/repository/org/apache/jena/jena-fuseki-core/3.5.0/jena-fuseki-core-3.5.0.jar
2018-07-30 12:07:26.190+0000 INFO [o.n.k.i.DiagnosticsManager]  [classpath + loader.0] file:/Users/anna/.m2/repository/com/jcraft/jzlib/1.1.1/jzlib-1.1.1.jar
2018-07-30 12:07:26.190+0000 INFO [o.n.k.i.DiagnosticsManager]  [classpath + loader.0] file:/Users/anna/.m2/repository/org/apache/jena/jena-fuseki-embedded/3.5.0/jena-fuseki-embedded-3.5.0.jar
2018-07-30 12:07:26.190+0000 INFO [o.n.k.i.DiagnosticsManager]  [classpath + loader.0] file:/Users/anna/.m2/repository/org/neo4j/neo4j-cypher-ir-3.3/3.3.5/neo4j-cypher-ir-3.3-3.3.5.jar
2018-07-30 12:07:26.190+0000 INFO [o.n.k.i.DiagnosticsManager]  [bootstrap] /Library/Java/JavaVirtualMachines/jdk1.8.0_144.jdk/Contents/Home/jre/classes
2018-07-30 12:07:26.191+0000 INFO [o.n.k.i.DiagnosticsManager]  [classpath + loader.0] file:/Users/anna/.m2/repository/org/scala-lang/scala-library/2.11.12/scala-library-2.11.12.jar
2018-07-30 12:07:26.191+0000 INFO [o.n.k.i.DiagnosticsManager]  [classpath + loader.0] file:/Users/anna/.m2/repository/org/apache/commons/commons-csv/1.4/commons-csv-1.4.jar
2018-07-30 12:07:26.191+0000 INFO [o.n.k.i.DiagnosticsManager]  [classpath + loader.0] file:/Users/anna/.m2/repository/commons-fileupload/commons-fileupload/1.3.3/commons-fileupload-1.3.3.jar
2018-07-30 12:07:26.191+0000 INFO [o.n.k.i.DiagnosticsManager]  [classpath + loader.0] file:/Users/anna/.m2/repository/org/neo4j/neo4j-resource/3.4.0/neo4j-resource-3.4.0.jar
2018-07-30 12:07:26.191+0000 INFO [o.n.k.i.DiagnosticsManager]  [classpath + loader.0] file:/Users/anna/.m2/repository/org/neo4j/neo4j-collections/3.4.0/neo4j-collections-3.4.0.jar
2018-07-30 12:07:26.191+0000 INFO [o.n.k.i.DiagnosticsManager]  [classpath + loader.0] file:/Users/anna/.m2/repository/org/eclipse/jetty/jetty-xml/9.4.5.v20170502/jetty-xml-9.4.5.v20170502.jar
2018-07-30 12:07:26.191+0000 INFO [o.n.k.i.DiagnosticsManager]  [classpath + loader.0] file:/Users/anna/.m2/repository/org/apache/jena/jena-core/3.5.0/jena-core-3.5.0.jar
2018-07-30 12:07:26.191+0000 INFO [o.n.k.i.DiagnosticsManager]  [classpath + loader.0] file:/Users/anna/.m2/repository/org/neo4j/neo4j-values/3.4.0/neo4j-values-3.4.0.jar
2018-07-30 12:07:26.191+0000 INFO [o.n.k.i.DiagnosticsManager]  [classpath + loader.0] file:/Users/anna/.m2/repository/org/slf4j/slf4j-api/1.7.25/slf4j-api-1.7.25.jar
2018-07-30 12:07:26.191+0000 INFO [o.n.k.i.DiagnosticsManager]  [classpath + loader.0] file:/Users/anna/.m2/repository/org/apache/jena/jena-tdb2/3.5.0/jena-tdb2-3.5.0.jar
2018-07-30 12:07:26.194+0000 INFO [o.n.k.i.DiagnosticsManager]  [classpath + loader.0] file:/Users/anna/.m2/repository/org/eclipse/jetty/jetty-servlet/9.4.5.v20170502/jetty-servlet-9.4.5.v20170502.jar
2018-07-30 12:07:26.194+0000 INFO [o.n.k.i.DiagnosticsManager]  [classpath + loader.0] file:/Users/anna/.m2/repository/commons-logging/commons-logging/1.2/commons-logging-1.2.jar
2018-07-30 12:07:26.194+0000 INFO [o.n.k.i.DiagnosticsManager]  [classpath + loader.0] file:/Users/anna/.m2/repository/org/ow2/asm/asm/6.0/asm-6.0.jar
2018-07-30 12:07:26.194+0000 INFO [o.n.k.i.DiagnosticsManager]  [classpath + loader.0] file:/Users/anna/.m2/repository/org/neo4j/neo4j-cypher-compiler-2.3/2.3.12/neo4j-cypher-compiler-2.3-2.3.12.jar
2018-07-30 12:07:26.194+0000 INFO [o.n.k.i.DiagnosticsManager]  [classpath + loader.0] file:/Users/anna/.m2/repository/org/neo4j/neo4j-cypher-planner-spi-3.4/3.4.0/neo4j-cypher-planner-spi-3.4-3.4.0.jar
2018-07-30 12:07:26.194+0000 INFO [o.n.k.i.DiagnosticsManager]  [classpath + loader.0] file:/Users/anna/.m2/repository/org/ow2/asm/asm-util/6.0/asm-util-6.0.jar
2018-07-30 12:07:26.195+0000 INFO [o.n.k.i.DiagnosticsManager]  [classpath + loader.0] file:/Users/anna/.m2/repository/org/neo4j/neo4j-consistency-check/3.4.0/neo4j-consistency-check-3.4.0.jar
2018-07-30 12:07:26.195+0000 INFO [o.n.k.i.DiagnosticsManager]  [classpath + loader.0] file:/Users/anna/.m2/repository/org/neo4j/neo4j-codegen/3.4.0/neo4j-codegen-3.4.0.jar
2018-07-30 12:07:26.195+0000 INFO [o.n.k.i.DiagnosticsManager]  [classpath + loader.0] file:/Users/anna/.m2/repository/org/neo4j/neo4j-cypher-logical-plans-3.3/3.3.5/neo4j-cypher-logical-plans-3.3-3.3.5.jar
2018-07-30 12:07:26.195+0000 INFO [o.n.k.i.DiagnosticsManager]  [classpath + loader.0] file:/Users/anna/.m2/repository/org/neo4j/neo4j-cypher-runtime-util/3.4.0/neo4j-cypher-runtime-util-3.4.0.jar
2018-07-30 12:07:26.195+0000 INFO [o.n.k.i.DiagnosticsManager]  [classpath + loader.0] file:/Users/anna/.m2/repository/org/apache/commons/commons-compress/1.16.1/commons-compress-1.16.1.jar
2018-07-30 12:07:26.195+0000 INFO [o.n.k.i.DiagnosticsManager]  [bootstrap] /Library/Java/JavaVirtualMachines/jdk1.8.0_144.jdk/Contents/Home/jre/lib/sunrsasign.jar
2018-07-30 12:07:26.195+0000 INFO [o.n.k.i.DiagnosticsManager]  [bootstrap + classpath + loader.0] file:/Library/Java/JavaVirtualMachines/jdk1.8.0_144.jdk/Contents/Home/jre/lib/jce.jar
2018-07-30 12:07:26.195+0000 INFO [o.n.k.i.DiagnosticsManager]  [bootstrap + classpath + loader.0] file:/Library/Java/JavaVirtualMachines/jdk1.8.0_144.jdk/Contents/Home/jre/lib/rt.jar
2018-07-30 12:07:26.195+0000 INFO [o.n.k.i.DiagnosticsManager]  [classpath + loader.0] file:/Users/anna/.m2/repository/org/apache/jena/jena-dboe-transaction/3.5.0/jena-dboe-transaction-3.5.0.jar
2018-07-30 12:07:26.195+0000 INFO [o.n.k.i.DiagnosticsManager]  [classpath + loader.0] file:/Users/anna/.m2/repository/org/neo4j/neo4j-graphdb-api/3.4.0/neo4j-graphdb-api-3.4.0.jar
2018-07-30 12:07:26.195+0000 INFO [o.n.k.i.DiagnosticsManager]  [classpath + loader.0] file:/Users/anna/.m2/repository/org/neo4j/neo4j-graph-matching/3.1.6/neo4j-graph-matching-3.1.6.jar
2018-07-30 12:07:26.195+0000 INFO [o.n.k.i.DiagnosticsManager]  [loader.1] file:/Library/Java/JavaVirtualMachines/jdk1.8.0_144.jdk/Contents/Home/jre/lib/ext/jfxrt.jar
2018-07-30 12:07:26.195+0000 INFO [o.n.k.i.DiagnosticsManager]  [loader.1] file:/System/Library/Java/Extensions/MRJToolkit.jar
2018-07-30 12:07:26.195+0000 INFO [o.n.k.i.DiagnosticsManager]  [classpath + loader.0] file:/Users/anna/.m2/repository/com/fasterxml/jackson/core/jackson-core/2.9.0/jackson-core-2.9.0.jar
2018-07-30 12:07:26.195+0000 INFO [o.n.k.i.DiagnosticsManager]  [bootstrap + classpath + loader.0] file:/Library/Java/JavaVirtualMachines/jdk1.8.0_144.jdk/Contents/Home/jre/lib/resources.jar
2018-07-30 12:07:26.195+0000 INFO [o.n.k.i.DiagnosticsManager]  [classpath + loader.0] file:/Users/anna/.m2/repository/org/neo4j/neo4j-ssl/3.4.0/neo4j-ssl-3.4.0.jar
2018-07-30 12:07:26.195+0000 INFO [o.n.k.i.DiagnosticsManager]  [classpath + loader.0] file:/Users/anna/.m2/repository/org/apache/jena/jena-dboe-index/3.5.0/jena-dboe-index-3.5.0.jar
2018-07-30 12:07:26.196+0000 INFO [o.n.k.i.DiagnosticsManager]  [classpath + loader.0] file:/Users/anna/.m2/repository/org/apache/maven/maven-model/3.5.3/maven-model-3.5.3.jar
2018-07-30 12:07:26.196+0000 INFO [o.n.k.i.DiagnosticsManager]  [classpath + loader.0] file:/Users/anna/.m2/repository/org/neo4j/neo4j-jmx/3.4.0/neo4j-jmx-3.4.0.jar
2018-07-30 12:07:26.196+0000 INFO [o.n.k.i.DiagnosticsManager]  [classpath + loader.0] file:/Users/anna/.m2/repository/org/neo4j/neo4j-csv/3.4.0/neo4j-csv-3.4.0.jar
2018-07-30 12:07:26.196+0000 INFO [o.n.k.i.DiagnosticsManager]  [classpath + loader.0] file:/Users/anna/.m2/repository/org/bouncycastle/bcpkix-jdk15on/1.59/bcpkix-jdk15on-1.59.jar
2018-07-30 12:07:26.196+0000 INFO [o.n.k.i.DiagnosticsManager]  [classpath + loader.0] file:/Users/anna/.m2/repository/org/apache/jena/jena-shaded-guava/3.5.0/jena-shaded-guava-3.5.0.jar
2018-07-30 12:07:26.196+0000 INFO [o.n.k.i.DiagnosticsManager]  [classpath + loader.0] file:/Users/anna/.m2/repository/org/neo4j/neo4j-cypher-logical-plans-3.4/3.4.0/neo4j-cypher-logical-plans-3.4-3.4.0.jar
2018-07-30 12:07:26.196+0000 INFO [o.n.k.i.DiagnosticsManager]  [classpath + loader.0] file:/Users/anna/.m2/repository/org/neo4j/neo4j-command-line/3.4.0/neo4j-command-line-3.4.0.jar
2018-07-30 12:07:26.196+0000 INFO [o.n.k.i.DiagnosticsManager]  [classpath + loader.0] file:/Users/anna/.m2/repository/org/apache/jena/jena-rdfconnection/3.5.0/jena-rdfconnection-3.5.0.jar
2018-07-30 12:07:26.196+0000 INFO [o.n.k.i.DiagnosticsManager]  [classpath + loader.0] file:/Users/anna/.m2/repository/org/apache/httpcomponents/httpclient/4.5.2/httpclient-4.5.2.jar
2018-07-30 12:07:26.196+0000 INFO [o.n.k.i.DiagnosticsManager]  [classpath + loader.0] file:/Users/anna/.m2/repository/org/eclipse/jetty/jetty-util/9.4.5.v20170502/jetty-util-9.4.5.v20170502.jar
2018-07-30 12:07:26.196+0000 INFO [o.n.k.i.DiagnosticsManager]  [classpath + loader.0] file:/Users/anna/.m2/repository/org/apache/jena/jena-base/3.5.0/jena-base-3.5.0.jar
2018-07-30 12:07:26.196+0000 INFO [o.n.k.i.DiagnosticsManager]  [classpath + loader.0] file:/Users/anna/.m2/repository/org/parboiled/parboiled-scala_2.11/1.1.7/parboiled-scala_2.11-1.1.7.jar
2018-07-30 12:07:26.196+0000 INFO [o.n.k.i.DiagnosticsManager]  [classpath + loader.0] file:/Users/anna/.m2/repository/org/eclipse/jetty/jetty-server/9.4.5.v20170502/jetty-server-9.4.5.v20170502.jar
2018-07-30 12:07:26.196+0000 INFO [o.n.k.i.DiagnosticsManager]  [classpath + loader.0] file:/Users/anna/.m2/repository/org/apache/lucene/lucene-analyzers-common/5.5.5/lucene-analyzers-common-5.5.5.jar
2018-07-30 12:07:26.196+0000 INFO [o.n.k.i.DiagnosticsManager]  [classpath + loader.0] file:/Users/anna/.m2/repository/com/fasterxml/jackson/core/jackson-annotations/2.9.0/jackson-annotations-2.9.0.jar
2018-07-30 12:07:26.196+0000 INFO [o.n.k.i.DiagnosticsManager]  [classpath + loader.0] file:/Users/anna/.m2/repository/org/eclipse/jetty/jetty-io/9.4.5.v20170502/jetty-io-9.4.5.v20170502.jar
2018-07-30 12:07:26.196+0000 INFO [o.n.k.i.DiagnosticsManager]  [loader.1] file:/Library/Java/JavaVirtualMachines/jdk1.8.0_144.jdk/Contents/Home/jre/lib/ext/cldrdata.jar
2018-07-30 12:07:26.196+0000 INFO [o.n.k.i.DiagnosticsManager]  [classpath + loader.0] file:/Users/anna/.m2/repository/org/eclipse/jgit/org.eclipse.jgit/5.0.1.201806211838-r/org.eclipse.jgit-5.0.1.201806211838-r.jar
2018-07-30 12:07:26.196+0000 INFO [o.n.k.i.DiagnosticsManager]  [classpath + loader.0] file:/Users/anna/.m2/repository/org/apache/httpcomponents/httpclient-cache/4.5.3/httpclient-cache-4.5.3.jar
2018-07-30 12:07:26.196+0000 INFO [o.n.k.i.DiagnosticsManager]  [classpath + loader.0] file:/Users/anna/.m2/repository/org/neo4j/driver/neo4j-java-driver/1.6.1/neo4j-java-driver-1.6.1.jar
2018-07-30 12:07:26.196+0000 INFO [o.n.k.i.DiagnosticsManager]  [classpath + loader.0] file:/Users/anna/.m2/repository/com/profesorfalken/WMI4Java/1.6.1/WMI4Java-1.6.1.jar
2018-07-30 12:07:26.197+0000 INFO [o.n.k.i.DiagnosticsManager]  [classpath + loader.0] file:/Users/anna/.m2/repository/org/parboiled/parboiled-core/1.1.7/parboiled-core-1.1.7.jar
2018-07-30 12:07:26.197+0000 INFO [o.n.k.i.DiagnosticsManager]  [classpath + loader.0] file:/Users/anna/.m2/repository/org/ow2/asm/asm-tree/6.0/asm-tree-6.0.jar
2018-07-30 12:07:26.197+0000 INFO [o.n.k.i.DiagnosticsManager]  [classpath + loader.0] file:/Users/anna/.m2/repository/org/neo4j/neo4j-kernel/3.4.0/neo4j-kernel-3.4.0.jar
2018-07-30 12:07:26.197+0000 INFO [o.n.k.i.DiagnosticsManager]  [classpath + loader.0] file:/Users/anna/.m2/repository/org/neo4j/neo4j-cypher-interpreted-runtime/3.4.0/neo4j-cypher-interpreted-runtime-3.4.0.jar
2018-07-30 12:07:26.197+0000 INFO [o.n.k.i.DiagnosticsManager]  [classpath + loader.0] file:/Users/anna/.m2/repository/org/objenesis/objenesis/2.6/objenesis-2.6.jar
2018-07-30 12:07:26.197+0000 INFO [o.n.k.i.DiagnosticsManager]  [bootstrap + classpath + loader.0] file:/Library/Java/JavaVirtualMachines/jdk1.8.0_144.jdk/Contents/Home/jre/lib/jfr.jar
2018-07-30 12:07:26.197+0000 INFO [o.n.k.i.DiagnosticsManager]  [classpath + loader.0] file:/Library/Java/JavaVirtualMachines/jdk1.8.0_102.jdk/Contents/Home/lib/tools.jar
2018-07-30 12:07:26.197+0000 INFO [o.n.k.i.DiagnosticsManager]  [classpath + loader.0] file:/Users/anna/.m2/repository/org/apache/jena/jena-dboe-trans-data/3.5.0/jena-dboe-trans-data-3.5.0.jar
2018-07-30 12:07:26.197+0000 INFO [o.n.k.i.DiagnosticsManager] Library path:
2018-07-30 12:07:26.197+0000 INFO [o.n.k.i.DiagnosticsManager] /Users/anna/Library/Java/Extensions
2018-07-30 12:07:26.197+0000 INFO [o.n.k.i.DiagnosticsManager] /Library/Java/Extensions
2018-07-30 12:07:26.197+0000 INFO [o.n.k.i.DiagnosticsManager] /Network/Library/Java/Extensions
2018-07-30 12:07:26.198+0000 INFO [o.n.k.i.DiagnosticsManager] /System/Library/Java/Extensions
2018-07-30 12:07:26.198+0000 INFO [o.n.k.i.DiagnosticsManager] /usr/lib/java
2018-07-30 12:07:26.198+0000 INFO [o.n.k.i.DiagnosticsManager] /Users/anna/Projects/java-analysis/ApiExtractor
2018-07-30 12:07:26.198+0000 INFO [o.n.k.i.DiagnosticsManager] System.properties:
2018-07-30 12:07:26.198+0000 INFO [o.n.k.i.DiagnosticsManager] sun.boot.library.path = /Library/Java/JavaVirtualMachines/jdk1.8.0_144.jdk/Contents/Home/jre/lib
2018-07-30 12:07:26.198+0000 INFO [o.n.k.i.DiagnosticsManager] user.country.format = NO
2018-07-30 12:07:26.198+0000 INFO [o.n.k.i.DiagnosticsManager] gopherProxySet = false
2018-07-30 12:07:26.198+0000 INFO [o.n.k.i.DiagnosticsManager] path.separator = :
2018-07-30 12:07:26.198+0000 INFO [o.n.k.i.DiagnosticsManager] file.encoding.pkg = sun.io
2018-07-30 12:07:26.198+0000 INFO [o.n.k.i.DiagnosticsManager] user.country = US
2018-07-30 12:07:26.198+0000 INFO [o.n.k.i.DiagnosticsManager] sun.java.launcher = SUN_STANDARD
2018-07-30 12:07:26.198+0000 INFO [o.n.k.i.DiagnosticsManager] sun.os.patch.level = unknown
2018-07-30 12:07:26.198+0000 INFO [o.n.k.i.DiagnosticsManager] user.dir = /Users/anna/Projects/java-analysis/ApiExtractor
2018-07-30 12:07:26.198+0000 INFO [o.n.k.i.DiagnosticsManager] sun.jnu.encoding = UTF-8
2018-07-30 12:07:26.198+0000 INFO [o.n.k.i.DiagnosticsManager] sun.nio.ch.bugLevel = 
2018-07-30 12:07:26.198+0000 INFO [o.n.k.i.DiagnosticsManager] sun.management.compiler = HotSpot 64-Bit Tiered Compilers
2018-07-30 12:07:26.199+0000 INFO [o.n.k.i.DiagnosticsManager] http.nonProxyHosts = local|*.local|169.254/16|*.169.254/16
2018-07-30 12:07:26.199+0000 INFO [o.n.k.i.DiagnosticsManager] user.home = /Users/anna
2018-07-30 12:07:26.199+0000 INFO [o.n.k.i.DiagnosticsManager] user.timezone = Europe/Oslo
2018-07-30 12:07:26.199+0000 INFO [o.n.k.i.DiagnosticsManager] file.encoding = UTF-8
2018-07-30 12:07:26.199+0000 INFO [o.n.k.i.DiagnosticsManager] user.name = anna
2018-07-30 12:07:26.199+0000 INFO [o.n.k.i.DiagnosticsManager] sun.java.command = org.nuthatchery.analysis.java.extractor.ExtractToNeo4j
2018-07-30 12:07:26.199+0000 INFO [o.n.k.i.DiagnosticsManager] sun.arch.data.model = 64
2018-07-30 12:07:26.199+0000 INFO [o.n.k.i.DiagnosticsManager] user.language = en
2018-07-30 12:07:26.199+0000 INFO [o.n.k.i.DiagnosticsManager] awt.toolkit = sun.lwawt.macosx.LWCToolkit
2018-07-30 12:07:26.199+0000 INFO [o.n.k.i.DiagnosticsManager] file.separator = /
2018-07-30 12:07:26.202+0000 INFO [o.n.k.i.DiagnosticsManager] sun.io.unicode.encoding = UnicodeBig
2018-07-30 12:07:26.202+0000 INFO [o.n.k.i.DiagnosticsManager] sun.cpu.endian = little
2018-07-30 12:07:26.202+0000 INFO [o.n.k.i.DiagnosticsManager] socksNonProxyHosts = local|*.local|169.254/16|*.169.254/16
2018-07-30 12:07:26.202+0000 INFO [o.n.k.i.DiagnosticsManager] ftp.nonProxyHosts = local|*.local|169.254/16|*.169.254/16
2018-07-30 12:07:26.202+0000 INFO [o.n.k.i.DiagnosticsManager] sun.cpu.isalist = 
2018-07-30 12:07:26.202+0000 INFO [o.n.k.i.DiagnosticsManager] (IANA) TimeZone Database Version:
2018-07-30 12:07:26.239+0000 INFO [o.n.k.i.DiagnosticsManager]   TimeZone version: 2017b (available for 600 zone identifiers)
2018-07-30 12:07:26.239+0000 INFO [o.n.k.i.DiagnosticsManager] Network information:
2018-07-30 12:07:26.240+0000 INFO [o.n.k.i.DiagnosticsManager] Interface utun0:
2018-07-30 12:07:26.240+0000 INFO [o.n.k.i.DiagnosticsManager]     address: fe80:0:0:0:1898:351f:1702:43e7%utun0
2018-07-30 12:07:26.240+0000 INFO [o.n.k.i.DiagnosticsManager] Interface awdl0:
2018-07-30 12:07:26.240+0000 INFO [o.n.k.i.DiagnosticsManager]     address: fe80:0:0:0:9848:2aff:feab:d14b%awdl0
2018-07-30 12:07:26.240+0000 INFO [o.n.k.i.DiagnosticsManager] Interface en0:
2018-07-30 12:07:26.240+0000 INFO [o.n.k.i.DiagnosticsManager]     address: 2001:700:200:f136:0:0:0:2ebe
2018-07-30 12:07:26.240+0000 INFO [o.n.k.i.DiagnosticsManager]     address: 2001:700:200:f137:34dd:7497:c1c8:fdce
2018-07-30 12:07:26.240+0000 INFO [o.n.k.i.DiagnosticsManager]     address: 2001:700:200:f137:10a6:32e5:2fd2:3f2b
2018-07-30 12:07:26.240+0000 INFO [o.n.k.i.DiagnosticsManager]     address: 2001:700:200:f136:f11b:9f8c:2984:bd2
2018-07-30 12:07:26.240+0000 INFO [o.n.k.i.DiagnosticsManager]     address: 2001:700:200:f136:8e2:d0f6:1e1b:4bf1
2018-07-30 12:07:26.240+0000 INFO [o.n.k.i.DiagnosticsManager]     address: fe80:0:0:0:18d0:6a53:e70e:3b59%en0
2018-07-30 12:07:26.240+0000 INFO [o.n.k.i.DiagnosticsManager]     address: 10.111.39.211
2018-07-30 12:07:26.241+0000 INFO [o.n.k.i.DiagnosticsManager] Interface lo0:
2018-07-30 12:07:26.241+0000 INFO [o.n.k.i.DiagnosticsManager]     address: fe80:0:0:0:0:0:0:1%lo0
2018-07-30 12:07:26.241+0000 INFO [o.n.k.i.DiagnosticsManager]     address: 0:0:0:0:0:0:0:1
2018-07-30 12:07:26.241+0000 INFO [o.n.k.i.DiagnosticsManager]     address: 127.0.0.1
2018-07-30 12:07:26.241+0000 INFO [o.n.k.i.DiagnosticsManager] --- INITIALIZED diagnostics END ---
2018-07-30 12:07:26.660+0000 INFO [o.n.k.i.s.f.RecordFormatSelector] Selected format 'RecordFormat:StandardV3_4[v0.A.9]' for the new store
2018-07-30 12:07:27.083+0000 INFO [o.n.k.i.i.l.NativeLabelScanStore] No scan store found, this might just be first use. Preparing to rebuild.
2018-07-30 12:07:27.141+0000 INFO [o.n.k.NeoStoreDataSource] Rotated to transaction log [/Users/anna/Projects/java-analysis/ApiExtractor/graphdb/neostore.transaction.db.0] version=0, last transaction in previous log=1
2018-07-30 12:07:27.143+0000 INFO [o.n.k.NeoStoreDataSource] No commits found after last check point (which is at <no log position given>)
2018-07-30 12:07:27.175+0000 WARN [o.n.k.i.s.MetaDataStore] Missing counts store, rebuilding it.
2018-07-30 12:07:27.315+0000 WARN [o.n.k.i.s.MetaDataStore] Counts store rebuild completed.
2018-07-30 12:07:27.331+0000 INFO [o.n.k.i.i.l.NativeLabelScanStore] Rebuilding scan store, this may take a while
2018-07-30 12:07:27.341+0000 INFO [o.n.k.i.i.l.NativeLabelScanStore] Scan store rebuilt (roughly 0 nodes)
2018-07-30 12:07:27.374+0000 INFO [o.n.k.i.DatabaseHealth] Database health set to OK
2018-07-30 12:07:28.067+0000 INFO [o.n.k.AvailabilityGuard] Fulfilling of requirement makes database available: Database available
2018-07-30 12:07:28.068+0000 INFO [o.n.k.i.f.GraphDatabaseFacadeFactory] Database is now ready
2018-07-30 12:07:28.069+0000 INFO [o.n.k.i.DiagnosticsManager] --- STARTED diagnostics for KernelDiagnostics:Versions START ---
2018-07-30 12:07:28.069+0000 INFO [o.n.k.i.DiagnosticsManager] Graph Database: community single StoreId{creationTime=1532952446885, randomId=6505232638491449204, storeVersion=16094931155187206, upgradeTime=1532952446885, upgradeId=1}
2018-07-30 12:07:28.070+0000 INFO [o.n.k.i.DiagnosticsManager] Kernel version: 3.4.0,efaa8492f0a3439d20461055219c070d83f001f3
2018-07-30 12:07:28.070+0000 INFO [o.n.k.i.DiagnosticsManager] --- STARTED diagnostics for KernelDiagnostics:Versions END ---
2018-07-30 12:07:28.073+0000 INFO [o.n.k.i.DiagnosticsManager] --- STARTED diagnostics for NEO_STORE_VERSIONS START ---
2018-07-30 12:07:28.073+0000 INFO [o.n.k.i.DiagnosticsManager] Store versions:
2018-07-30 12:07:28.073+0000 INFO [o.n.k.i.DiagnosticsManager] Store versions:
2018-07-30 12:07:28.074+0000 INFO [o.n.k.i.DiagnosticsManager]   ArrayPropertyStore v0.A.9
2018-07-30 12:07:28.074+0000 INFO [o.n.k.i.DiagnosticsManager]   NodeStore v0.A.9
2018-07-30 12:07:28.074+0000 INFO [o.n.k.i.DiagnosticsManager]   StringPropertyStore v0.A.9
2018-07-30 12:07:28.074+0000 INFO [o.n.k.i.DiagnosticsManager]   PropertyIndexStore v0.A.9
2018-07-30 12:07:28.074+0000 INFO [o.n.k.i.DiagnosticsManager]   StringPropertyStore v0.A.9
2018-07-30 12:07:28.075+0000 INFO [o.n.k.i.DiagnosticsManager]   ArrayPropertyStore v0.A.9
2018-07-30 12:07:28.075+0000 INFO [o.n.k.i.DiagnosticsManager]   PropertyStore v0.A.9
2018-07-30 12:07:28.075+0000 INFO [o.n.k.i.DiagnosticsManager]   RelationshipStore v0.A.9
2018-07-30 12:07:28.075+0000 INFO [o.n.k.i.DiagnosticsManager]   StringPropertyStore v0.A.9
2018-07-30 12:07:28.075+0000 INFO [o.n.k.i.DiagnosticsManager]   RelationshipTypeStore v0.A.9
2018-07-30 12:07:28.075+0000 INFO [o.n.k.i.DiagnosticsManager]   StringPropertyStore v0.A.9
2018-07-30 12:07:28.075+0000 INFO [o.n.k.i.DiagnosticsManager]   LabelTokenStore v0.A.9
2018-07-30 12:07:28.075+0000 INFO [o.n.k.i.DiagnosticsManager]   SchemaStore v0.A.9
2018-07-30 12:07:28.076+0000 INFO [o.n.k.i.DiagnosticsManager]   RelationshipGroupStore v0.A.9
2018-07-30 12:07:28.076+0000 INFO [o.n.k.i.DiagnosticsManager]   NeoStore v0.A.9
2018-07-30 12:07:28.076+0000 INFO [o.n.k.i.DiagnosticsManager] --- STARTED diagnostics for NEO_STORE_VERSIONS END ---
2018-07-30 12:07:28.076+0000 INFO [o.n.k.i.DiagnosticsManager] --- STARTED diagnostics for NEO_STORE_ID_USAGE START ---
2018-07-30 12:07:28.076+0000 INFO [o.n.k.i.DiagnosticsManager] Id usage:
2018-07-30 12:07:28.076+0000 INFO [o.n.k.i.DiagnosticsManager] Id usage:
2018-07-30 12:07:28.077+0000 INFO [o.n.k.i.DiagnosticsManager]   ArrayPropertyStore: used=1 high=0
2018-07-30 12:07:28.077+0000 INFO [o.n.k.i.DiagnosticsManager]   NodeStore: used=0 high=-1
2018-07-30 12:07:28.077+0000 INFO [o.n.k.i.DiagnosticsManager]   StringPropertyStore: used=1 high=0
2018-07-30 12:07:28.077+0000 INFO [o.n.k.i.DiagnosticsManager]   PropertyIndexStore: used=0 high=-1
2018-07-30 12:07:28.077+0000 INFO [o.n.k.i.DiagnosticsManager]   StringPropertyStore: used=1 high=0
2018-07-30 12:07:28.078+0000 INFO [o.n.k.i.DiagnosticsManager]   ArrayPropertyStore: used=1 high=0
2018-07-30 12:07:28.078+0000 INFO [o.n.k.i.DiagnosticsManager]   PropertyStore: used=0 high=-1
2018-07-30 12:07:28.078+0000 INFO [o.n.k.i.DiagnosticsManager]   RelationshipStore: used=0 high=-1
2018-07-30 12:07:28.078+0000 INFO [o.n.k.i.DiagnosticsManager]   StringPropertyStore: used=1 high=0
2018-07-30 12:07:28.078+0000 INFO [o.n.k.i.DiagnosticsManager]   RelationshipTypeStore: used=0 high=-1
2018-07-30 12:07:28.078+0000 INFO [o.n.k.i.DiagnosticsManager]   StringPropertyStore: used=1 high=0
2018-07-30 12:07:28.078+0000 INFO [o.n.k.i.DiagnosticsManager]   LabelTokenStore: used=0 high=-1
2018-07-30 12:07:28.079+0000 INFO [o.n.k.i.DiagnosticsManager]   SchemaStore: used=1 high=0
2018-07-30 12:07:28.079+0000 INFO [o.n.k.i.DiagnosticsManager]   RelationshipGroupStore: used=1 high=0
2018-07-30 12:07:28.079+0000 INFO [o.n.k.i.DiagnosticsManager]   NeoStore: used=15 high=14
2018-07-30 12:07:28.079+0000 INFO [o.n.k.i.DiagnosticsManager] --- STARTED diagnostics for NEO_STORE_ID_USAGE END ---
2018-07-30 12:07:28.079+0000 INFO [o.n.k.i.DiagnosticsManager] --- STARTED diagnostics for NEO_STORE_RECORDS START ---
2018-07-30 12:07:28.079+0000 INFO [o.n.k.i.DiagnosticsManager] Neostore records:
2018-07-30 12:07:28.080+0000 INFO [o.n.k.i.DiagnosticsManager] TIME (Creation time): 1532952446885
2018-07-30 12:07:28.080+0000 INFO [o.n.k.i.DiagnosticsManager] RANDOM_NUMBER (Random number for store id): 6505232638491449204
2018-07-30 12:07:28.081+0000 INFO [o.n.k.i.DiagnosticsManager] LOG_VERSION (Current log version): 0
2018-07-30 12:07:28.081+0000 INFO [o.n.k.i.DiagnosticsManager] LAST_TRANSACTION_ID (Last committed transaction): 1
2018-07-30 12:07:28.081+0000 INFO [o.n.k.i.DiagnosticsManager] STORE_VERSION (Store format version): 16094931155187206
2018-07-30 12:07:28.081+0000 INFO [o.n.k.i.DiagnosticsManager] FIRST_GRAPH_PROPERTY (First property record containing graph properties): -1
2018-07-30 12:07:28.081+0000 INFO [o.n.k.i.DiagnosticsManager] LAST_CONSTRAINT_TRANSACTION (Last committed transaction containing constraint changes): 0
2018-07-30 12:07:28.081+0000 INFO [o.n.k.i.DiagnosticsManager] UPGRADE_TRANSACTION_ID (Transaction id most recent upgrade was performed at): 1
2018-07-30 12:07:28.081+0000 INFO [o.n.k.i.DiagnosticsManager] UPGRADE_TIME (Time of last upgrade): 1532952446885
2018-07-30 12:07:28.081+0000 INFO [o.n.k.i.DiagnosticsManager] LAST_TRANSACTION_CHECKSUM (Checksum of last committed transaction): 0
2018-07-30 12:07:28.082+0000 INFO [o.n.k.i.DiagnosticsManager] UPGRADE_TRANSACTION_CHECKSUM (Checksum of transaction id the most recent upgrade was performed at): 0
2018-07-30 12:07:28.082+0000 INFO [o.n.k.i.DiagnosticsManager] LAST_CLOSED_TRANSACTION_LOG_VERSION (Log version where the last transaction commit entry has been written into): 0
2018-07-30 12:07:28.082+0000 INFO [o.n.k.i.DiagnosticsManager] LAST_CLOSED_TRANSACTION_LOG_BYTE_OFFSET (Byte offset in the log file where the last transaction commit entry has been written into): 16
2018-07-30 12:07:28.082+0000 INFO [o.n.k.i.DiagnosticsManager] LAST_TRANSACTION_COMMIT_TIMESTAMP (Commit time timestamp for last committed transaction): 0
2018-07-30 12:07:28.082+0000 INFO [o.n.k.i.DiagnosticsManager] UPGRADE_TRANSACTION_COMMIT_TIMESTAMP (Commit timestamp of transaction the most recent upgrade was performed at): 0
2018-07-30 12:07:28.082+0000 INFO [o.n.k.i.DiagnosticsManager] --- STARTED diagnostics for NEO_STORE_RECORDS END ---
2018-07-30 12:07:28.084+0000 INFO [o.n.k.i.DiagnosticsManager] --- STARTED diagnostics for TRANSACTION_RANGE START ---
2018-07-30 12:07:28.085+0000 INFO [o.n.k.i.DiagnosticsManager] Transaction log:
2018-07-30 12:07:28.085+0000 INFO [o.n.k.i.DiagnosticsManager] No transactions found in any log
2018-07-30 12:07:28.086+0000 INFO [o.n.k.i.DiagnosticsManager] --- STARTED diagnostics for TRANSACTION_RANGE END ---
2018-07-30 12:07:28.090+0000 INFO [o.n.k.i.DiagnosticsManager] --- STARTED diagnostics for KernelDiagnostics:StoreFiles START ---
2018-07-30 12:07:28.091+0000 INFO [o.n.k.i.DiagnosticsManager] Disk space on partition (Total / Free / Free %): 250790436864 / 59899248640 / 23
2018-07-30 12:07:28.091+0000 INFO [o.n.k.i.DiagnosticsManager] Storage files: (filename : modification date - size)
2018-07-30 12:07:28.092+0000 INFO [o.n.k.i.DiagnosticsManager]   index:
2018-07-30 12:07:28.093+0000 INFO [o.n.k.i.DiagnosticsManager]   - Total: 2018-07-30T14:07:27+0200 - 0.00 B
2018-07-30 12:07:28.093+0000 INFO [o.n.k.i.DiagnosticsManager]   logs:
2018-07-30 12:07:28.095+0000 INFO [o.n.k.i.DiagnosticsManager]     debug.log: 2018-07-30T14:07:28+0200 - 45.78 kB
2018-07-30 12:07:28.095+0000 INFO [o.n.k.i.DiagnosticsManager]   - Total: 2018-07-30T14:07:25+0200 - 45.78 kB
2018-07-30 12:07:28.095+0000 INFO [o.n.k.i.DiagnosticsManager]   neostore: 2018-07-30T14:07:26+0200 - 8.00 kB
2018-07-30 12:07:28.095+0000 INFO [o.n.k.i.DiagnosticsManager]   neostore.counts.db.a: 2018-07-30T14:07:27+0200 - 96.00 B
2018-07-30 12:07:28.096+0000 INFO [o.n.k.i.DiagnosticsManager]   neostore.id: 2018-07-30T14:07:26+0200 - 9.00 B
2018-07-30 12:07:28.096+0000 INFO [o.n.k.i.DiagnosticsManager]   neostore.labelscanstore.db: 2018-07-30T14:07:27+0200 - 40.00 kB
2018-07-30 12:07:28.098+0000 INFO [o.n.k.i.DiagnosticsManager]   neostore.labeltokenstore.db: 2018-07-30T14:07:26+0200 - 0.00 B
2018-07-30 12:07:28.098+0000 INFO [o.n.k.i.DiagnosticsManager]   neostore.labeltokenstore.db.id: 2018-07-30T14:07:26+0200 - 9.00 B
2018-07-30 12:07:28.099+0000 INFO [o.n.k.i.DiagnosticsManager]   neostore.labeltokenstore.db.names: 2018-07-30T14:07:26+0200 - 8.00 kB
2018-07-30 12:07:28.099+0000 INFO [o.n.k.i.DiagnosticsManager]   neostore.labeltokenstore.db.names.id: 2018-07-30T14:07:26+0200 - 9.00 B
2018-07-30 12:07:28.100+0000 INFO [o.n.k.i.DiagnosticsManager]   neostore.nodestore.db: 2018-07-30T14:07:26+0200 - 0.00 B
2018-07-30 12:07:28.100+0000 INFO [o.n.k.i.DiagnosticsManager]   neostore.nodestore.db.id: 2018-07-30T14:07:26+0200 - 9.00 B
2018-07-30 12:07:28.101+0000 INFO [o.n.k.i.DiagnosticsManager]   neostore.nodestore.db.labels: 2018-07-30T14:07:26+0200 - 8.00 kB
2018-07-30 12:07:28.101+0000 INFO [o.n.k.i.DiagnosticsManager]   neostore.nodestore.db.labels.id: 2018-07-30T14:07:26+0200 - 9.00 B
2018-07-30 12:07:28.101+0000 INFO [o.n.k.i.DiagnosticsManager]   neostore.propertystore.db: 2018-07-30T14:07:26+0200 - 0.00 B
2018-07-30 12:07:28.102+0000 INFO [o.n.k.i.DiagnosticsManager]   neostore.propertystore.db.arrays: 2018-07-30T14:07:26+0200 - 8.00 kB
2018-07-30 12:07:28.102+0000 INFO [o.n.k.i.DiagnosticsManager]   neostore.propertystore.db.arrays.id: 2018-07-30T14:07:26+0200 - 9.00 B
2018-07-30 12:07:28.102+0000 INFO [o.n.k.i.DiagnosticsManager]   neostore.propertystore.db.id: 2018-07-30T14:07:26+0200 - 9.00 B
2018-07-30 12:07:28.102+0000 INFO [o.n.k.i.DiagnosticsManager]   neostore.propertystore.db.index: 2018-07-30T14:07:26+0200 - 0.00 B
2018-07-30 12:07:28.103+0000 INFO [o.n.k.i.DiagnosticsManager]   neostore.propertystore.db.index.id: 2018-07-30T14:07:26+0200 - 9.00 B
2018-07-30 12:07:28.103+0000 INFO [o.n.k.i.DiagnosticsManager]   neostore.propertystore.db.index.keys: 2018-07-30T14:07:26+0200 - 8.00 kB
2018-07-30 12:07:28.103+0000 INFO [o.n.k.i.DiagnosticsManager]   neostore.propertystore.db.index.keys.id: 2018-07-30T14:07:26+0200 - 9.00 B
2018-07-30 12:07:28.104+0000 INFO [o.n.k.i.DiagnosticsManager]   neostore.propertystore.db.strings: 2018-07-30T14:07:26+0200 - 8.00 kB
2018-07-30 12:07:28.104+0000 INFO [o.n.k.i.DiagnosticsManager]   neostore.propertystore.db.strings.id: 2018-07-30T14:07:26+0200 - 9.00 B
2018-07-30 12:07:28.104+0000 INFO [o.n.k.i.DiagnosticsManager]   neostore.relationshipgroupstore.db: 2018-07-30T14:07:26+0200 - 8.00 kB
2018-07-30 12:07:28.104+0000 INFO [o.n.k.i.DiagnosticsManager]   neostore.relationshipgroupstore.db.id: 2018-07-30T14:07:26+0200 - 9.00 B
2018-07-30 12:07:28.105+0000 INFO [o.n.k.i.DiagnosticsManager]   neostore.relationshipstore.db: 2018-07-30T14:07:26+0200 - 0.00 B
2018-07-30 12:07:28.105+0000 INFO [o.n.k.i.DiagnosticsManager]   neostore.relationshipstore.db.id: 2018-07-30T14:07:26+0200 - 9.00 B
2018-07-30 12:07:28.105+0000 INFO [o.n.k.i.DiagnosticsManager]   neostore.relationshiptypestore.db: 2018-07-30T14:07:26+0200 - 0.00 B
2018-07-30 12:07:28.106+0000 INFO [o.n.k.i.DiagnosticsManager]   neostore.relationshiptypestore.db.id: 2018-07-30T14:07:26+0200 - 9.00 B
2018-07-30 12:07:28.106+0000 INFO [o.n.k.i.DiagnosticsManager]   neostore.relationshiptypestore.db.names: 2018-07-30T14:07:26+0200 - 8.00 kB
2018-07-30 12:07:28.106+0000 INFO [o.n.k.i.DiagnosticsManager]   neostore.relationshiptypestore.db.names.id: 2018-07-30T14:07:26+0200 - 9.00 B
2018-07-30 12:07:28.106+0000 INFO [o.n.k.i.DiagnosticsManager]   neostore.schemastore.db: 2018-07-30T14:07:26+0200 - 8.00 kB
2018-07-30 12:07:28.107+0000 INFO [o.n.k.i.DiagnosticsManager]   neostore.schemastore.db.id: 2018-07-30T14:07:26+0200 - 9.00 B
2018-07-30 12:07:28.107+0000 INFO [o.n.k.i.DiagnosticsManager]   neostore.transaction.db.0: 2018-07-30T14:07:27+0200 - 16.00 B
2018-07-30 12:07:28.107+0000 INFO [o.n.k.i.DiagnosticsManager]   store_lock: 2018-07-30T14:07:26+0200 - 0.00 B
2018-07-30 12:07:28.107+0000 INFO [o.n.k.i.DiagnosticsManager] Storage summary: 
2018-07-30 12:07:28.107+0000 INFO [o.n.k.i.DiagnosticsManager]   Total size of store: 158.02 kB
2018-07-30 12:07:28.108+0000 INFO [o.n.k.i.DiagnosticsManager]   Total size of mapped files: 112.00 kB
2018-07-30 12:07:28.108+0000 INFO [o.n.k.i.DiagnosticsManager] --- STARTED diagnostics for KernelDiagnostics:StoreFiles END ---
2018-07-30 12:07:28.872+0000 INFO [o.n.k.i.f.GraphDatabaseFacadeFactory] Shutdown started
2018-07-30 12:07:28.873+0000 INFO [o.n.k.i.f.GraphDatabaseFacadeFactory] Database is now unavailable
2018-07-30 12:07:28.891+0000 INFO [o.n.k.i.t.l.c.CheckPointerImpl] Checkpoint triggered by database shutdown @ txId: 1 checkpoint started...
2018-07-30 12:07:28.900+0000 INFO [o.n.k.i.t.l.c.CheckPointerImpl] Checkpoint triggered by database shutdown @ txId: 1 checkpoint completed in 8ms
2018-07-30 12:07:28.902+0000 INFO [o.n.k.i.t.l.p.LogPruningImpl] No log version pruned, last checkpoint was made in version 0
2018-07-30 12:07:28.915+0000 INFO [o.n.k.i.DiagnosticsManager] --- STOPPING diagnostics START ---
2018-07-30 12:07:28.915+0000 INFO [o.n.k.i.DiagnosticsManager] --- STOPPING diagnostics END ---
